# JRE version: Java(TM) SE Runtime Environment 18.9 (11.0.16+11) (build 11.0.16+11-LTS-199)
# Java VM: Java HotSpot(TM) 64-Bit Server VM 18.9 (11.0.16+11-LTS-199, mixed mode, tiered, compressed oops, g1 gc, windows-amd64)
Heap:
 garbage-first heap   total 608256K, used 435653K [0x0000000612c00000, 0x0000000800000000)
  region size 2048K, 112 young (229376K), 8 survivors (16384K)
 Metaspace       used 178231K, capacity 191583K, committed 191720K, reserved 1214464K
  class space    used 21965K, capacity 26417K, committed 26528K, reserved 1048576K
GC Heap History (10 events):
Event: 37.986 GC heap before
{Heap before GC invocations=24 (full 0):
 garbage-first heap   total 505856K, used 411934K [0x0000000612c00000, 0x0000000800000000)
  region size 2048K, 119 young (243712K), 13 survivors (26624K)
 Metaspace       used 155950K, capacity 168840K, committed 169064K, reserved 1193984K
  class space    used 19944K, capacity 24006K, committed 24096K, reserved 1048576K
}
Event: 38.005 GC heap after
{Heap after GC invocations=25 (full 0):
 garbage-first heap   total 505856K, used 205109K [0x0000000612c00000, 0x0000000800000000)
  region size 2048K, 11 young (22528K), 11 survivors (22528K)
 Metaspace       used 155950K, capacity 168840K, committed 169064K, reserved 1193984K
  class space    used 19944K, capacity 24006K, committed 24096K, reserved 1048576K
}
Event: 38.286 GC heap before
{Heap before GC invocations=25 (full 0):
 garbage-first heap   total 505856K, used 416053K [0x0000000612c00000, 0x0000000800000000)
  region size 2048K, 115 young (235520K), 11 survivors (22528K)
 Metaspace       used 155953K, capacity 168840K, committed 169064K, reserved 1193984K
  class space    used 19944K, capacity 24006K, committed 24096K, reserved 1048576K
}
Event: 38.296 GC heap after
{Heap after GC invocations=26 (full 0):
 garbage-first heap   total 505856K, used 205515K [0x0000000612c00000, 0x0000000800000000)
  region size 2048K, 5 young (10240K), 5 survivors (10240K)
 Metaspace       used 155953K, capacity 168840K, committed 169064K, reserved 1193984K
  class space    used 19944K, capacity 24006K, committed 24096K, reserved 1048576K
}
Event: 39.134 GC heap before
{Heap before GC invocations=26 (full 0):
 garbage-first heap   total 505856K, used 422603K [0x0000000612c00000, 0x0000000800000000)
  region size 2048K, 111 young (227328K), 5 survivors (10240K)
 Metaspace       used 157318K, capacity 170286K, committed 170472K, reserved 1196032K
  class space    used 20105K, capacity 24167K, committed 24224K, reserved 1048576K
}
Event: 39.145 GC heap after
{Heap after GC invocations=27 (full 0):
 garbage-first heap   total 608256K, used 212500K [0x0000000612c00000, 0x0000000800000000)
  region size 2048K, 8 young (16384K), 8 survivors (16384K)
 Metaspace       used 157318K, capacity 170286K, committed 170472K, reserved 1196032K
  class space    used 20105K, capacity 24167K, committed 24224K, reserved 1048576K
}
Event: 316.892 GC heap before
{Heap before GC invocations=27 (full 0):
 garbage-first heap   total 608256K, used 484884K [0x0000000612c00000, 0x0000000800000000)
  region size 2048K, 141 young (288768K), 8 survivors (16384K)
 Metaspace       used 166086K, capacity 179172K, committed 179304K, reserved 1204224K
  class space    used 21128K, capacity 25363K, committed 25376K, reserved 1048576K
}
Event: 316.909 GC heap after
{Heap after GC invocations=28 (full 0):
 garbage-first heap   total 608256K, used 225881K [0x0000000612c00000, 0x0000000800000000)
  region size 2048K, 15 young (30720K), 15 survivors (30720K)
 Metaspace       used 166086K, capacity 179172K, committed 179304K, reserved 1204224K
  class space    used 21128K, capacity 25363K, committed 25376K, reserved 1048576K
}
Event: 3882.771 GC heap before
{Heap before GC invocations=28 (full 0):
 garbage-first heap   total 608256K, used 485977K [0x0000000612c00000, 0x0000000800000000)
  region size 2048K, 143 young (292864K), 15 survivors (30720K)
 Metaspace       used 176557K, capacity 189841K, committed 190056K, reserved 1212416K
  class space    used 21907K, capacity 26324K, committed 26400K, reserved 1048576K
}
Event: 3882.786 GC heap after
{Heap after GC invocations=29 (full 0):
 garbage-first heap   total 608256K, used 226757K [0x0000000612c00000, 0x0000000800000000)
  region size 2048K, 8 young (16384K), 8 survivors (16384K)
 Metaspace       used 176557K, capacity 189841K, committed 190056K, reserved 1212416K
  class space    used 21907K, capacity 26324K, committed 26400K, reserved 1048576K
}

